2020-07-10 00:03:07.816  INFO 10116 --- [main] com.leoni.pfe.PfeApplication             : Starting PfeApplication on DESKTOP-28T11M1 with PID 10116 (D:\pfe_marwa\build\classes\java\main started by admin in D:\pfe_marwa)
2020-07-10 00:03:07.828  INFO 10116 --- [main] com.leoni.pfe.PfeApplication             : No active profile set, falling back to default profiles: default
2020-07-10 00:03:08.844  INFO 10116 --- [main] .s.d.r.c.RepositoryConfigurationDelegate : Bootstrapping Spring Data JPA repositories in DEFAULT mode.
2020-07-10 00:03:09.052  INFO 10116 --- [main] .s.d.r.c.RepositoryConfigurationDelegate : Finished Spring Data repository scanning in 184ms. Found 4 JPA repository interfaces.
2020-07-10 00:03:10.861  INFO 10116 --- [main] o.s.b.w.embedded.tomcat.TomcatWebServer  : Tomcat initialized with port(s): 8082 (http)
2020-07-10 00:03:10.904  INFO 10116 --- [main] o.apache.catalina.core.StandardService   : Starting service [Tomcat]
2020-07-10 00:03:10.904  INFO 10116 --- [main] org.apache.catalina.core.StandardEngine  : Starting Servlet engine: [Apache Tomcat/9.0.31]
2020-07-10 00:03:11.109  INFO 10116 --- [main] o.a.c.c.C.[Tomcat].[localhost].[/]       : Initializing Spring embedded WebApplicationContext
2020-07-10 00:03:11.110  INFO 10116 --- [main] o.s.web.context.ContextLoader            : Root WebApplicationContext: initialization completed in 3111 ms
2020-07-10 00:03:11.278  INFO 10116 --- [main] com.zaxxer.hikari.HikariDataSource       : HikariPool-1 - Starting...
2020-07-10 00:03:12.133  INFO 10116 --- [main] com.zaxxer.hikari.HikariDataSource       : HikariPool-1 - Start completed.
2020-07-10 00:03:13.904  INFO 10116 --- [main] liquibase.executor.jvm.JdbcExecutor      : SELECT COUNT(*) FROM leonimeeting.DATABASECHANGELOGLOCK
2020-07-10 00:03:13.914  INFO 10116 --- [main] liquibase.executor.jvm.JdbcExecutor      : SELECT COUNT(*) FROM leonimeeting.DATABASECHANGELOGLOCK
2020-07-10 00:03:13.918  INFO 10116 --- [main] liquibase.executor.jvm.JdbcExecutor      : SELECT `LOCKED` FROM leonimeeting.DATABASECHANGELOGLOCK WHERE ID=1
2020-07-10 00:03:13.992  INFO 10116 --- [main] l.lockservice.StandardLockService        : Successfully acquired change log lock
2020-07-10 00:03:14.145  INFO 10116 --- [main] liquibase.executor.jvm.JdbcExecutor      : SELECT MD5SUM FROM leonimeeting.DATABASECHANGELOG WHERE MD5SUM IS NOT NULL LIMIT 1
2020-07-10 00:03:14.149  INFO 10116 --- [main] liquibase.executor.jvm.JdbcExecutor      : SELECT COUNT(*) FROM leonimeeting.DATABASECHANGELOG
2020-07-10 00:03:14.156  INFO 10116 --- [main] l.c.StandardChangeLogHistoryService      : Reading from leonimeeting.DATABASECHANGELOG
2020-07-10 00:03:14.156  INFO 10116 --- [main] liquibase.executor.jvm.JdbcExecutor      : SELECT * FROM leonimeeting.DATABASECHANGELOG ORDER BY DATEEXECUTED ASC, ORDEREXECUTED ASC
2020-07-10 00:03:14.225  INFO 10116 --- [main] l.lockservice.StandardLockService        : Successfully released change log lock
2020-07-10 00:03:14.424  INFO 10116 --- [main] o.hibernate.jpa.internal.util.LogHelper  : HHH000204: Processing PersistenceUnitInfo [name: default]
2020-07-10 00:03:14.571  INFO 10116 --- [main] org.hibernate.Version                    : HHH000412: Hibernate ORM core version 5.4.12.Final
2020-07-10 00:03:14.951  INFO 10116 --- [main] o.hibernate.annotations.common.Version   : HCANN000001: Hibernate Commons Annotations {5.1.0.Final}
2020-07-10 00:03:15.308  INFO 10116 --- [main] org.hibernate.dialect.Dialect            : HHH000400: Using dialect: org.hibernate.dialect.MySQL5Dialect
2020-07-10 00:03:16.361  INFO 10116 --- [main] o.h.e.t.j.p.i.JtaPlatformInitiator       : HHH000490: Using JtaPlatform implementation: [org.hibernate.engine.transaction.jta.platform.internal.NoJtaPlatform]
2020-07-10 00:03:16.372  INFO 10116 --- [main] j.LocalContainerEntityManagerFactoryBean : Initialized JPA EntityManagerFactory for persistence unit 'default'
2020-07-10 00:03:17.343  WARN 10116 --- [main] JpaBaseConfiguration$JpaWebConfiguration : spring.jpa.open-in-view is enabled by default. Therefore, database queries may be performed during view rendering. Explicitly configure spring.jpa.open-in-view to disable this warning
2020-07-10 00:03:18.030  INFO 10116 --- [main] o.s.s.web.DefaultSecurityFilterChain     : Creating filter chain: any request, [org.springframework.security.web.context.request.async.WebAsyncManagerIntegrationFilter@1689ee2, org.springframework.security.web.context.SecurityContextPersistenceFilter@1666366, org.springframework.security.web.header.HeaderWriterFilter@1ac5723, org.springframework.web.filter.CorsFilter@12b4303, org.springframework.security.web.authentication.logout.LogoutFilter@7ac98b, org.springframework.security.web.authentication.www.BasicAuthenticationFilter@5b4594, org.springframework.security.web.savedrequest.RequestCacheAwareFilter@1be852a, org.springframework.security.web.servletapi.SecurityContextHolderAwareRequestFilter@9188b4, org.springframework.security.web.authentication.AnonymousAuthenticationFilter@1dda7a3, org.springframework.security.web.session.SessionManagementFilter@c4f31d, org.springframework.security.web.access.ExceptionTranslationFilter@14bb6ae, org.springframework.security.web.access.intercept.FilterSecurityInterceptor@1084a6d]
2020-07-10 00:03:18.414  INFO 10116 --- [main] o.s.b.w.embedded.tomcat.TomcatWebServer  : Tomcat started on port(s): 8082 (http) with context path ''
2020-07-10 00:03:18.417  INFO 10116 --- [main] com.leoni.pfe.PfeApplication             : Started PfeApplication in 11.527 seconds (JVM running for 12.257)
2020-07-10 00:03:30.387  INFO 10116 --- [http-nio-8082-exec-2] o.a.c.c.C.[Tomcat].[localhost].[/]       : Initializing Spring DispatcherServlet 'dispatcherServlet'
2020-07-10 00:03:30.388  INFO 10116 --- [http-nio-8082-exec-2] o.s.web.servlet.DispatcherServlet        : Initializing Servlet 'dispatcherServlet'
2020-07-10 00:03:30.410  INFO 10116 --- [http-nio-8082-exec-2] o.s.web.servlet.DispatcherServlet        : Completed initialization in 21 ms
2020-07-10 00:08:05.499  INFO 8464 --- [main] com.leoni.pfe.PfeApplication             : Starting PfeApplication on DESKTOP-28T11M1 with PID 8464 (D:\pfe_marwa\build\classes\java\main started by admin in D:\pfe_marwa)
2020-07-10 00:08:05.503  INFO 8464 --- [main] com.leoni.pfe.PfeApplication             : No active profile set, falling back to default profiles: default
2020-07-10 00:08:06.424  INFO 8464 --- [main] .s.d.r.c.RepositoryConfigurationDelegate : Bootstrapping Spring Data JPA repositories in DEFAULT mode.
2020-07-10 00:08:06.530  INFO 8464 --- [main] .s.d.r.c.RepositoryConfigurationDelegate : Finished Spring Data repository scanning in 90ms. Found 4 JPA repository interfaces.
2020-07-10 00:08:08.006  INFO 8464 --- [main] o.s.b.w.embedded.tomcat.TomcatWebServer  : Tomcat initialized with port(s): 8082 (http)
2020-07-10 00:08:08.024  INFO 8464 --- [main] o.apache.catalina.core.StandardService   : Starting service [Tomcat]
2020-07-10 00:08:08.025  INFO 8464 --- [main] org.apache.catalina.core.StandardEngine  : Starting Servlet engine: [Apache Tomcat/9.0.31]
2020-07-10 00:08:08.227  INFO 8464 --- [main] o.a.c.c.C.[Tomcat].[localhost].[/]       : Initializing Spring embedded WebApplicationContext
2020-07-10 00:08:08.228  INFO 8464 --- [main] o.s.web.context.ContextLoader            : Root WebApplicationContext: initialization completed in 2622 ms
2020-07-10 00:08:08.399  INFO 8464 --- [main] com.zaxxer.hikari.HikariDataSource       : HikariPool-1 - Starting...
2020-07-10 00:08:09.411  INFO 8464 --- [main] com.zaxxer.hikari.HikariDataSource       : HikariPool-1 - Start completed.
2020-07-10 00:08:11.583  INFO 8464 --- [main] liquibase.executor.jvm.JdbcExecutor      : SELECT COUNT(*) FROM leonimeeting.DATABASECHANGELOGLOCK
2020-07-10 00:08:11.593  INFO 8464 --- [main] liquibase.executor.jvm.JdbcExecutor      : SELECT COUNT(*) FROM leonimeeting.DATABASECHANGELOGLOCK
2020-07-10 00:08:11.597  INFO 8464 --- [main] liquibase.executor.jvm.JdbcExecutor      : SELECT `LOCKED` FROM leonimeeting.DATABASECHANGELOGLOCK WHERE ID=1
2020-07-10 00:08:11.690  INFO 8464 --- [main] l.lockservice.StandardLockService        : Successfully acquired change log lock
2020-07-10 00:08:11.831  INFO 8464 --- [main] liquibase.executor.jvm.JdbcExecutor      : SELECT MD5SUM FROM leonimeeting.DATABASECHANGELOG WHERE MD5SUM IS NOT NULL LIMIT 1
2020-07-10 00:08:11.832  INFO 8464 --- [main] liquibase.executor.jvm.JdbcExecutor      : SELECT COUNT(*) FROM leonimeeting.DATABASECHANGELOG
2020-07-10 00:08:11.835  INFO 8464 --- [main] l.c.StandardChangeLogHistoryService      : Reading from leonimeeting.DATABASECHANGELOG
2020-07-10 00:08:11.836  INFO 8464 --- [main] liquibase.executor.jvm.JdbcExecutor      : SELECT * FROM leonimeeting.DATABASECHANGELOG ORDER BY DATEEXECUTED ASC, ORDEREXECUTED ASC
2020-07-10 00:08:11.911  INFO 8464 --- [main] l.lockservice.StandardLockService        : Successfully released change log lock
2020-07-10 00:08:12.055  INFO 8464 --- [main] o.hibernate.jpa.internal.util.LogHelper  : HHH000204: Processing PersistenceUnitInfo [name: default]
2020-07-10 00:08:12.202  INFO 8464 --- [main] org.hibernate.Version                    : HHH000412: Hibernate ORM core version 5.4.12.Final
2020-07-10 00:08:12.386  INFO 8464 --- [main] o.hibernate.annotations.common.Version   : HCANN000001: Hibernate Commons Annotations {5.1.0.Final}
2020-07-10 00:08:12.549  INFO 8464 --- [main] org.hibernate.dialect.Dialect            : HHH000400: Using dialect: org.hibernate.dialect.MySQL5Dialect
2020-07-10 00:08:13.448  INFO 8464 --- [main] o.h.e.t.j.p.i.JtaPlatformInitiator       : HHH000490: Using JtaPlatform implementation: [org.hibernate.engine.transaction.jta.platform.internal.NoJtaPlatform]
2020-07-10 00:08:13.459  INFO 8464 --- [main] j.LocalContainerEntityManagerFactoryBean : Initialized JPA EntityManagerFactory for persistence unit 'default'
2020-07-10 00:08:14.465  WARN 8464 --- [main] JpaBaseConfiguration$JpaWebConfiguration : spring.jpa.open-in-view is enabled by default. Therefore, database queries may be performed during view rendering. Explicitly configure spring.jpa.open-in-view to disable this warning
2020-07-10 00:08:15.158  INFO 8464 --- [main] o.s.s.web.DefaultSecurityFilterChain     : Creating filter chain: any request, [org.springframework.security.web.context.request.async.WebAsyncManagerIntegrationFilter@224125, org.springframework.security.web.context.SecurityContextPersistenceFilter@12594f4, org.springframework.security.web.header.HeaderWriterFilter@16206f8, org.springframework.web.filter.CorsFilter@13560, org.springframework.security.web.authentication.logout.LogoutFilter@dce412, org.springframework.security.web.authentication.www.BasicAuthenticationFilter@2c10e, org.springframework.security.web.savedrequest.RequestCacheAwareFilter@16a6d46, org.springframework.security.web.servletapi.SecurityContextHolderAwareRequestFilter@172c967, org.springframework.security.web.authentication.AnonymousAuthenticationFilter@1eab3ae, org.springframework.security.web.session.SessionManagementFilter@1599b18, org.springframework.security.web.access.ExceptionTranslationFilter@2ae7d7, org.springframework.security.web.access.intercept.FilterSecurityInterceptor@b03908]
2020-07-10 00:08:15.749  INFO 8464 --- [main] o.s.b.w.embedded.tomcat.TomcatWebServer  : Tomcat started on port(s): 8082 (http) with context path ''
2020-07-10 00:08:15.757  INFO 8464 --- [main] com.leoni.pfe.PfeApplication             : Started PfeApplication in 11.156 seconds (JVM running for 12.115)
2020-07-10 00:08:20.350  INFO 8464 --- [http-nio-8082-exec-2] o.a.c.c.C.[Tomcat].[localhost].[/]       : Initializing Spring DispatcherServlet 'dispatcherServlet'
2020-07-10 00:08:20.351  INFO 8464 --- [http-nio-8082-exec-2] o.s.web.servlet.DispatcherServlet        : Initializing Servlet 'dispatcherServlet'
2020-07-10 00:08:20.365  INFO 8464 --- [http-nio-8082-exec-2] o.s.web.servlet.DispatcherServlet        : Completed initialization in 13 ms
2020-07-10 00:11:32.253  INFO 2104 --- [main] com.leoni.pfe.PfeApplication             : Starting PfeApplication on DESKTOP-28T11M1 with PID 2104 (D:\pfe_marwa\build\classes\java\main started by admin in D:\pfe_marwa)
2020-07-10 00:11:32.257  INFO 2104 --- [main] com.leoni.pfe.PfeApplication             : No active profile set, falling back to default profiles: default
2020-07-10 00:11:33.110  INFO 2104 --- [main] .s.d.r.c.RepositoryConfigurationDelegate : Bootstrapping Spring Data JPA repositories in DEFAULT mode.
2020-07-10 00:11:33.357  INFO 2104 --- [main] .s.d.r.c.RepositoryConfigurationDelegate : Finished Spring Data repository scanning in 229ms. Found 4 JPA repository interfaces.
2020-07-10 00:11:35.300  INFO 2104 --- [main] o.s.b.w.embedded.tomcat.TomcatWebServer  : Tomcat initialized with port(s): 8082 (http)
2020-07-10 00:11:35.315  INFO 2104 --- [main] o.apache.catalina.core.StandardService   : Starting service [Tomcat]
2020-07-10 00:11:35.316  INFO 2104 --- [main] org.apache.catalina.core.StandardEngine  : Starting Servlet engine: [Apache Tomcat/9.0.31]
2020-07-10 00:11:35.512  INFO 2104 --- [main] o.a.c.c.C.[Tomcat].[localhost].[/]       : Initializing Spring embedded WebApplicationContext
2020-07-10 00:11:35.513  INFO 2104 --- [main] o.s.web.context.ContextLoader            : Root WebApplicationContext: initialization completed in 3170 ms
2020-07-10 00:11:35.682  INFO 2104 --- [main] com.zaxxer.hikari.HikariDataSource       : HikariPool-1 - Starting...
2020-07-10 00:11:36.534  INFO 2104 --- [main] com.zaxxer.hikari.HikariDataSource       : HikariPool-1 - Start completed.
2020-07-10 00:11:38.285  INFO 2104 --- [main] liquibase.executor.jvm.JdbcExecutor      : SELECT COUNT(*) FROM leonimeeting.DATABASECHANGELOGLOCK
2020-07-10 00:11:38.294  INFO 2104 --- [main] liquibase.executor.jvm.JdbcExecutor      : SELECT COUNT(*) FROM leonimeeting.DATABASECHANGELOGLOCK
2020-07-10 00:11:38.298  INFO 2104 --- [main] liquibase.executor.jvm.JdbcExecutor      : SELECT `LOCKED` FROM leonimeeting.DATABASECHANGELOGLOCK WHERE ID=1
2020-07-10 00:11:38.425  INFO 2104 --- [main] l.lockservice.StandardLockService        : Successfully acquired change log lock
2020-07-10 00:11:38.553  INFO 2104 --- [main] liquibase.executor.jvm.JdbcExecutor      : SELECT MD5SUM FROM leonimeeting.DATABASECHANGELOG WHERE MD5SUM IS NOT NULL LIMIT 1
2020-07-10 00:11:38.555  INFO 2104 --- [main] liquibase.executor.jvm.JdbcExecutor      : SELECT COUNT(*) FROM leonimeeting.DATABASECHANGELOG
2020-07-10 00:11:38.557  INFO 2104 --- [main] l.c.StandardChangeLogHistoryService      : Reading from leonimeeting.DATABASECHANGELOG
2020-07-10 00:11:38.559  INFO 2104 --- [main] liquibase.executor.jvm.JdbcExecutor      : SELECT * FROM leonimeeting.DATABASECHANGELOG ORDER BY DATEEXECUTED ASC, ORDEREXECUTED ASC
2020-07-10 00:11:38.731  INFO 2104 --- [main] l.lockservice.StandardLockService        : Successfully released change log lock
2020-07-10 00:11:38.937  INFO 2104 --- [main] o.hibernate.jpa.internal.util.LogHelper  : HHH000204: Processing PersistenceUnitInfo [name: default]
2020-07-10 00:11:39.053  INFO 2104 --- [main] org.hibernate.Version                    : HHH000412: Hibernate ORM core version 5.4.12.Final
2020-07-10 00:11:39.384  INFO 2104 --- [main] o.hibernate.annotations.common.Version   : HCANN000001: Hibernate Commons Annotations {5.1.0.Final}
2020-07-10 00:11:39.703  INFO 2104 --- [main] org.hibernate.dialect.Dialect            : HHH000400: Using dialect: org.hibernate.dialect.MySQL5Dialect
2020-07-10 00:11:40.811  INFO 2104 --- [main] o.h.e.t.j.p.i.JtaPlatformInitiator       : HHH000490: Using JtaPlatform implementation: [org.hibernate.engine.transaction.jta.platform.internal.NoJtaPlatform]
2020-07-10 00:11:40.822  INFO 2104 --- [main] j.LocalContainerEntityManagerFactoryBean : Initialized JPA EntityManagerFactory for persistence unit 'default'
2020-07-10 00:11:41.796  WARN 2104 --- [main] JpaBaseConfiguration$JpaWebConfiguration : spring.jpa.open-in-view is enabled by default. Therefore, database queries may be performed during view rendering. Explicitly configure spring.jpa.open-in-view to disable this warning
2020-07-10 00:11:42.477  INFO 2104 --- [main] o.s.s.web.DefaultSecurityFilterChain     : Creating filter chain: any request, [org.springframework.security.web.context.request.async.WebAsyncManagerIntegrationFilter@1f5f119, org.springframework.security.web.context.SecurityContextPersistenceFilter@99c874, org.springframework.security.web.header.HeaderWriterFilter@57d723, org.springframework.web.filter.CorsFilter@1dbb7bb, org.springframework.security.web.authentication.logout.LogoutFilter@afb4e7, org.springframework.security.web.authentication.www.BasicAuthenticationFilter@1126f07, org.springframework.security.web.savedrequest.RequestCacheAwareFilter@9cf53c, org.springframework.security.web.servletapi.SecurityContextHolderAwareRequestFilter@12a7ca0, org.springframework.security.web.authentication.AnonymousAuthenticationFilter@77a496, org.springframework.security.web.session.SessionManagementFilter@2fd4e9, org.springframework.security.web.access.ExceptionTranslationFilter@1b3294c, org.springframework.security.web.access.intercept.FilterSecurityInterceptor@2d971f]
2020-07-10 00:11:42.861  INFO 2104 --- [main] o.s.b.w.embedded.tomcat.TomcatWebServer  : Tomcat started on port(s): 8082 (http) with context path ''
2020-07-10 00:11:42.864  INFO 2104 --- [main] com.leoni.pfe.PfeApplication             : Started PfeApplication in 11.489 seconds (JVM running for 12.169)
2020-07-10 00:11:55.509  INFO 2104 --- [http-nio-8082-exec-1] o.a.c.c.C.[Tomcat].[localhost].[/]       : Initializing Spring DispatcherServlet 'dispatcherServlet'
2020-07-10 00:11:55.510  INFO 2104 --- [http-nio-8082-exec-1] o.s.web.servlet.DispatcherServlet        : Initializing Servlet 'dispatcherServlet'
2020-07-10 00:11:55.521  INFO 2104 --- [http-nio-8082-exec-1] o.s.web.servlet.DispatcherServlet        : Completed initialization in 10 ms
